<?xml version="1.0" encoding="UTF-8"?>
<!-- Generated by org.testng.reporters.JUnitReportReporter -->
<testsuite hostname="LAPTOP-1O3IM9L4" failures="0" tests="1" name="testRunner.TestRunner" time="11.118" errors="0" timestamp="2022-09-22T12:23:54 EDT" skipped="0">
  <testcase classname="testRunner.TestRunner" name="runScenario" time="11.118"/>
  <system-out/>
</testsuite> <!-- testRunner.TestRunner -->
